Determining if the include file io.h exists failed with the following output:
Change Dir: /home/predator/Documents/Project/temp/libtiff/CMakeFiles/CMakeTmp

Run Build Command:"/usr/bin/make" "cmTC_387b6/fast"
/usr/bin/make -f CMakeFiles/cmTC_387b6.dir/build.make CMakeFiles/cmTC_387b6.dir/build
make[1]: Entering directory '/home/predator/Documents/Project/temp/libtiff/CMakeFiles/CMakeTmp'
Building C object CMakeFiles/cmTC_387b6.dir/CheckIncludeFile.c.o
/usr/bin/cc    -Wall -Winline -W -Wformat-security -Wpointer-arith -Wdisabled-optimization -Wno-unknown-pragmas -Wdeclaration-after-statement -fstrict-aliasing    -o CMakeFiles/cmTC_387b6.dir/CheckIncludeFile.c.o   -c /home/predator/Documents/Project/temp/libtiff/CMakeFiles/CMakeTmp/CheckIncludeFile.c
/home/predator/Documents/Project/temp/libtiff/CMakeFiles/CMakeTmp/CheckIncludeFile.c:1:16: fatal error: io.h: No such file or directory
compilation terminated.
CMakeFiles/cmTC_387b6.dir/build.make:65: recipe for target 'CMakeFiles/cmTC_387b6.dir/CheckIncludeFile.c.o' failed
make[1]: *** [CMakeFiles/cmTC_387b6.dir/CheckIncludeFile.c.o] Error 1
make[1]: Leaving directory '/home/predator/Documents/Project/temp/libtiff/CMakeFiles/CMakeTmp'
Makefile:126: recipe for target 'cmTC_387b6/fast' failed
make: *** [cmTC_387b6/fast] Error 2


Determining size of INT8 failed with the following output:
Change Dir: /home/predator/Documents/Project/temp/libtiff/CMakeFiles/CMakeTmp

Run Build Command:"/usr/bin/make" "cmTC_8c744/fast"
/usr/bin/make -f CMakeFiles/cmTC_8c744.dir/build.make CMakeFiles/cmTC_8c744.dir/build
make[1]: Entering directory '/home/predator/Documents/Project/temp/libtiff/CMakeFiles/CMakeTmp'
Building C object CMakeFiles/cmTC_8c744.dir/int8.c.o
/usr/bin/cc    -Wall -Winline -W -Wformat-security -Wpointer-arith -Wdisabled-optimization -Wno-unknown-pragmas -Wdeclaration-after-statement -fstrict-aliasing    -o CMakeFiles/cmTC_8c744.dir/int8.c.o   -c /home/predator/Documents/Project/temp/libtiff/CMakeFiles/CheckTypeSize/int8.c
/home/predator/Documents/Project/temp/libtiff/CMakeFiles/CheckTypeSize/int8.c:17:22: error: ‘INT8’ undeclared here (not in a function)
 #define SIZE (sizeof(INT8))
                      ^
/home/predator/Documents/Project/temp/libtiff/CMakeFiles/CheckTypeSize/int8.c:19:12: note: in expansion of macro ‘SIZE’
   ('0' + ((SIZE / 10000)%10)),
            ^
CMakeFiles/cmTC_8c744.dir/build.make:65: recipe for target 'CMakeFiles/cmTC_8c744.dir/int8.c.o' failed
make[1]: *** [CMakeFiles/cmTC_8c744.dir/int8.c.o] Error 1
make[1]: Leaving directory '/home/predator/Documents/Project/temp/libtiff/CMakeFiles/CMakeTmp'
Makefile:126: recipe for target 'cmTC_8c744/fast' failed
make: *** [cmTC_8c744/fast] Error 2

/home/predator/Documents/Project/temp/libtiff/CMakeFiles/CheckTypeSize/int8.c:
#include <sys/types.h>
#include <stdint.h>
#include <stddef.h>


#undef KEY
#if defined(__i386)
# define KEY '_','_','i','3','8','6'
#elif defined(__x86_64)
# define KEY '_','_','x','8','6','_','6','4'
#elif defined(__ppc__)
# define KEY '_','_','p','p','c','_','_'
#elif defined(__ppc64__)
# define KEY '_','_','p','p','c','6','4','_','_'
#endif

#define SIZE (sizeof(INT8))
char info_size[] =  {'I', 'N', 'F', 'O', ':', 's','i','z','e','[',
  ('0' + ((SIZE / 10000)%10)),
  ('0' + ((SIZE / 1000)%10)),
  ('0' + ((SIZE / 100)%10)),
  ('0' + ((SIZE / 10)%10)),
  ('0' +  (SIZE    % 10)),
  ']',
#ifdef KEY
  ' ','k','e','y','[', KEY, ']',
#endif
  '\0'};

#ifdef __CLASSIC_C__
int main(argc, argv) int argc; char *argv[];
#else
int main(int argc, char *argv[])
#endif
{
  int require = 0;
  require += info_size[argc];
  (void)argv;
  return require;
}


Determining size of INT16 failed with the following output:
Change Dir: /home/predator/Documents/Project/temp/libtiff/CMakeFiles/CMakeTmp

Run Build Command:"/usr/bin/make" "cmTC_f9aa0/fast"
/usr/bin/make -f CMakeFiles/cmTC_f9aa0.dir/build.make CMakeFiles/cmTC_f9aa0.dir/build
make[1]: Entering directory '/home/predator/Documents/Project/temp/libtiff/CMakeFiles/CMakeTmp'
Building C object CMakeFiles/cmTC_f9aa0.dir/int16.c.o
/usr/bin/cc    -Wall -Winline -W -Wformat-security -Wpointer-arith -Wdisabled-optimization -Wno-unknown-pragmas -Wdeclaration-after-statement -fstrict-aliasing    -o CMakeFiles/cmTC_f9aa0.dir/int16.c.o   -c /home/predator/Documents/Project/temp/libtiff/CMakeFiles/CheckTypeSize/int16.c
/home/predator/Documents/Project/temp/libtiff/CMakeFiles/CheckTypeSize/int16.c:17:22: error: ‘INT16’ undeclared here (not in a function)
 #define SIZE (sizeof(INT16))
                      ^
/home/predator/Documents/Project/temp/libtiff/CMakeFiles/CheckTypeSize/int16.c:19:12: note: in expansion of macro ‘SIZE’
   ('0' + ((SIZE / 10000)%10)),
            ^
CMakeFiles/cmTC_f9aa0.dir/build.make:65: recipe for target 'CMakeFiles/cmTC_f9aa0.dir/int16.c.o' failed
make[1]: *** [CMakeFiles/cmTC_f9aa0.dir/int16.c.o] Error 1
make[1]: Leaving directory '/home/predator/Documents/Project/temp/libtiff/CMakeFiles/CMakeTmp'
Makefile:126: recipe for target 'cmTC_f9aa0/fast' failed
make: *** [cmTC_f9aa0/fast] Error 2

/home/predator/Documents/Project/temp/libtiff/CMakeFiles/CheckTypeSize/int16.c:
#include <sys/types.h>
#include <stdint.h>
#include <stddef.h>


#undef KEY
#if defined(__i386)
# define KEY '_','_','i','3','8','6'
#elif defined(__x86_64)
# define KEY '_','_','x','8','6','_','6','4'
#elif defined(__ppc__)
# define KEY '_','_','p','p','c','_','_'
#elif defined(__ppc64__)
# define KEY '_','_','p','p','c','6','4','_','_'
#endif

#define SIZE (sizeof(INT16))
char info_size[] =  {'I', 'N', 'F', 'O', ':', 's','i','z','e','[',
  ('0' + ((SIZE / 10000)%10)),
  ('0' + ((SIZE / 1000)%10)),
  ('0' + ((SIZE / 100)%10)),
  ('0' + ((SIZE / 10)%10)),
  ('0' +  (SIZE    % 10)),
  ']',
#ifdef KEY
  ' ','k','e','y','[', KEY, ']',
#endif
  '\0'};

#ifdef __CLASSIC_C__
int main(argc, argv) int argc; char *argv[];
#else
int main(int argc, char *argv[])
#endif
{
  int require = 0;
  require += info_size[argc];
  (void)argv;
  return require;
}


Determining size of INT32 failed with the following output:
Change Dir: /home/predator/Documents/Project/temp/libtiff/CMakeFiles/CMakeTmp

Run Build Command:"/usr/bin/make" "cmTC_f2a7c/fast"
/usr/bin/make -f CMakeFiles/cmTC_f2a7c.dir/build.make CMakeFiles/cmTC_f2a7c.dir/build
make[1]: Entering directory '/home/predator/Documents/Project/temp/libtiff/CMakeFiles/CMakeTmp'
Building C object CMakeFiles/cmTC_f2a7c.dir/int32.c.o
/usr/bin/cc    -Wall -Winline -W -Wformat-security -Wpointer-arith -Wdisabled-optimization -Wno-unknown-pragmas -Wdeclaration-after-statement -fstrict-aliasing    -o CMakeFiles/cmTC_f2a7c.dir/int32.c.o   -c /home/predator/Documents/Project/temp/libtiff/CMakeFiles/CheckTypeSize/int32.c
/home/predator/Documents/Project/temp/libtiff/CMakeFiles/CheckTypeSize/int32.c:17:22: error: ‘INT32’ undeclared here (not in a function)
 #define SIZE (sizeof(INT32))
                      ^
/home/predator/Documents/Project/temp/libtiff/CMakeFiles/CheckTypeSize/int32.c:19:12: note: in expansion of macro ‘SIZE’
   ('0' + ((SIZE / 10000)%10)),
            ^
CMakeFiles/cmTC_f2a7c.dir/build.make:65: recipe for target 'CMakeFiles/cmTC_f2a7c.dir/int32.c.o' failed
make[1]: *** [CMakeFiles/cmTC_f2a7c.dir/int32.c.o] Error 1
make[1]: Leaving directory '/home/predator/Documents/Project/temp/libtiff/CMakeFiles/CMakeTmp'
Makefile:126: recipe for target 'cmTC_f2a7c/fast' failed
make: *** [cmTC_f2a7c/fast] Error 2

/home/predator/Documents/Project/temp/libtiff/CMakeFiles/CheckTypeSize/int32.c:
#include <sys/types.h>
#include <stdint.h>
#include <stddef.h>


#undef KEY
#if defined(__i386)
# define KEY '_','_','i','3','8','6'
#elif defined(__x86_64)
# define KEY '_','_','x','8','6','_','6','4'
#elif defined(__ppc__)
# define KEY '_','_','p','p','c','_','_'
#elif defined(__ppc64__)
# define KEY '_','_','p','p','c','6','4','_','_'
#endif

#define SIZE (sizeof(INT32))
char info_size[] =  {'I', 'N', 'F', 'O', ':', 's','i','z','e','[',
  ('0' + ((SIZE / 10000)%10)),
  ('0' + ((SIZE / 1000)%10)),
  ('0' + ((SIZE / 100)%10)),
  ('0' + ((SIZE / 10)%10)),
  ('0' +  (SIZE    % 10)),
  ']',
#ifdef KEY
  ' ','k','e','y','[', KEY, ']',
#endif
  '\0'};

#ifdef __CLASSIC_C__
int main(argc, argv) int argc; char *argv[];
#else
int main(int argc, char *argv[])
#endif
{
  int require = 0;
  require += info_size[argc];
  (void)argv;
  return require;
}


Determining if the function setmode exists failed with the following output:
Change Dir: /home/predator/Documents/Project/temp/libtiff/CMakeFiles/CMakeTmp

Run Build Command:"/usr/bin/make" "cmTC_1ed58/fast"
/usr/bin/make -f CMakeFiles/cmTC_1ed58.dir/build.make CMakeFiles/cmTC_1ed58.dir/build
make[1]: Entering directory '/home/predator/Documents/Project/temp/libtiff/CMakeFiles/CMakeTmp'
Building C object CMakeFiles/cmTC_1ed58.dir/CheckFunctionExists.c.o
/usr/bin/cc    -Wall -Winline -W -Wformat-security -Wpointer-arith -Wdisabled-optimization -Wno-unknown-pragmas -Wdeclaration-after-statement -fstrict-aliasing -DCHECK_FUNCTION_EXISTS=setmode   -o CMakeFiles/cmTC_1ed58.dir/CheckFunctionExists.c.o   -c /usr/share/cmake-3.5/Modules/CheckFunctionExists.c
Linking C executable cmTC_1ed58
/usr/bin/cmake -E cmake_link_script CMakeFiles/cmTC_1ed58.dir/link.txt --verbose=1
/usr/bin/cc   -Wall -Winline -W -Wformat-security -Wpointer-arith -Wdisabled-optimization -Wno-unknown-pragmas -Wdeclaration-after-statement -fstrict-aliasing -DCHECK_FUNCTION_EXISTS=setmode    CMakeFiles/cmTC_1ed58.dir/CheckFunctionExists.c.o  -o cmTC_1ed58 -rdynamic 
CMakeFiles/cmTC_1ed58.dir/CheckFunctionExists.c.o: In function `main':
CheckFunctionExists.c:(.text+0x15): undefined reference to `setmode'
collect2: error: ld returned 1 exit status
CMakeFiles/cmTC_1ed58.dir/build.make:97: recipe for target 'cmTC_1ed58' failed
make[1]: *** [cmTC_1ed58] Error 1
make[1]: Leaving directory '/home/predator/Documents/Project/temp/libtiff/CMakeFiles/CMakeTmp'
Makefile:126: recipe for target 'cmTC_1ed58/fast' failed
make: *** [cmTC_1ed58/fast] Error 2


Determining if the system is big endian passed with the following output:
Change Dir: /home/predator/Documents/Project/temp/libtiff/CMakeFiles/CMakeTmp

Run Build Command:"/usr/bin/make" "cmTC_4f5a6/fast"
/usr/bin/make -f CMakeFiles/cmTC_4f5a6.dir/build.make CMakeFiles/cmTC_4f5a6.dir/build
make[1]: Entering directory '/home/predator/Documents/Project/temp/libtiff/CMakeFiles/CMakeTmp'
Building C object CMakeFiles/cmTC_4f5a6.dir/TestEndianess.c.o
/usr/bin/cc    -Wall -Winline -W -Wformat-security -Wpointer-arith -Wdisabled-optimization -Wno-unknown-pragmas -Wdeclaration-after-statement -fstrict-aliasing    -o CMakeFiles/cmTC_4f5a6.dir/TestEndianess.c.o   -c /home/predator/Documents/Project/temp/libtiff/CMakeFiles/CMakeTmp/TestEndianess.c
Linking C executable cmTC_4f5a6
/usr/bin/cmake -E cmake_link_script CMakeFiles/cmTC_4f5a6.dir/link.txt --verbose=1
/usr/bin/cc   -Wall -Winline -W -Wformat-security -Wpointer-arith -Wdisabled-optimization -Wno-unknown-pragmas -Wdeclaration-after-statement -fstrict-aliasing     CMakeFiles/cmTC_4f5a6.dir/TestEndianess.c.o  -o cmTC_4f5a6 -rdynamic 
make[1]: Leaving directory '/home/predator/Documents/Project/temp/libtiff/CMakeFiles/CMakeTmp'

TestEndianess.c:
/* A 16 bit integer is required. */
typedef unsigned short cmakeint16;

/* On a little endian machine, these 16bit ints will give "THIS IS LITTLE ENDIAN."
   On a big endian machine the characters will be exchanged pairwise. */
const cmakeint16 info_little[] =  {0x4854, 0x5349, 0x4920, 0x2053, 0x494c, 0x5454, 0x454c, 0x4520, 0x444e, 0x4149, 0x2e4e, 0x0000};

/* on a big endian machine, these 16bit ints will give "THIS IS BIG ENDIAN."
   On a little endian machine the characters will be exchanged pairwise. */
const cmakeint16 info_big[] =     {0x5448, 0x4953, 0x2049, 0x5320, 0x4249, 0x4720, 0x454e, 0x4449, 0x414e, 0x2e2e, 0x0000};

#ifdef __CLASSIC_C__
int main(argc, argv) int argc; char *argv[];
#else
int main(int argc, char *argv[])
#endif
{
  int require = 0;
  require += info_little[argc];
  require += info_big[argc];
  (void)argv;
  return require;
}


Determining if the include file GL/gl.h exists failed with the following output:
Change Dir: /home/predator/Documents/Project/temp/libtiff/CMakeFiles/CMakeTmp

Run Build Command:"/usr/bin/make" "cmTC_084e1/fast"
/usr/bin/make -f CMakeFiles/cmTC_084e1.dir/build.make CMakeFiles/cmTC_084e1.dir/build
make[1]: Entering directory '/home/predator/Documents/Project/temp/libtiff/CMakeFiles/CMakeTmp'
Building C object CMakeFiles/cmTC_084e1.dir/CheckIncludeFile.c.o
/usr/bin/cc    -Wall -Winline -W -Wformat-security -Wpointer-arith -Wdisabled-optimization -Wno-unknown-pragmas -Wdeclaration-after-statement -fstrict-aliasing    -o CMakeFiles/cmTC_084e1.dir/CheckIncludeFile.c.o   -c /home/predator/Documents/Project/temp/libtiff/CMakeFiles/CMakeTmp/CheckIncludeFile.c
/home/predator/Documents/Project/temp/libtiff/CMakeFiles/CMakeTmp/CheckIncludeFile.c:1:19: fatal error: GL/gl.h: No such file or directory
compilation terminated.
CMakeFiles/cmTC_084e1.dir/build.make:65: recipe for target 'CMakeFiles/cmTC_084e1.dir/CheckIncludeFile.c.o' failed
make[1]: *** [CMakeFiles/cmTC_084e1.dir/CheckIncludeFile.c.o] Error 1
make[1]: Leaving directory '/home/predator/Documents/Project/temp/libtiff/CMakeFiles/CMakeTmp'
Makefile:126: recipe for target 'cmTC_084e1/fast' failed
make: *** [cmTC_084e1/fast] Error 2


Determining if the include file GL/glu.h exists failed with the following output:
Change Dir: /home/predator/Documents/Project/temp/libtiff/CMakeFiles/CMakeTmp

Run Build Command:"/usr/bin/make" "cmTC_630ee/fast"
/usr/bin/make -f CMakeFiles/cmTC_630ee.dir/build.make CMakeFiles/cmTC_630ee.dir/build
make[1]: Entering directory '/home/predator/Documents/Project/temp/libtiff/CMakeFiles/CMakeTmp'
Building C object CMakeFiles/cmTC_630ee.dir/CheckIncludeFile.c.o
/usr/bin/cc    -Wall -Winline -W -Wformat-security -Wpointer-arith -Wdisabled-optimization -Wno-unknown-pragmas -Wdeclaration-after-statement -fstrict-aliasing    -o CMakeFiles/cmTC_630ee.dir/CheckIncludeFile.c.o   -c /home/predator/Documents/Project/temp/libtiff/CMakeFiles/CMakeTmp/CheckIncludeFile.c
/home/predator/Documents/Project/temp/libtiff/CMakeFiles/CMakeTmp/CheckIncludeFile.c:1:20: fatal error: GL/glu.h: No such file or directory
compilation terminated.
CMakeFiles/cmTC_630ee.dir/build.make:65: recipe for target 'CMakeFiles/cmTC_630ee.dir/CheckIncludeFile.c.o' failed
make[1]: *** [CMakeFiles/cmTC_630ee.dir/CheckIncludeFile.c.o] Error 1
make[1]: Leaving directory '/home/predator/Documents/Project/temp/libtiff/CMakeFiles/CMakeTmp'
Makefile:126: recipe for target 'cmTC_630ee/fast' failed
make: *** [cmTC_630ee/fast] Error 2


Determining if the include file GL/glut.h exists failed with the following output:
Change Dir: /home/predator/Documents/Project/temp/libtiff/CMakeFiles/CMakeTmp

Run Build Command:"/usr/bin/make" "cmTC_1996f/fast"
/usr/bin/make -f CMakeFiles/cmTC_1996f.dir/build.make CMakeFiles/cmTC_1996f.dir/build
make[1]: Entering directory '/home/predator/Documents/Project/temp/libtiff/CMakeFiles/CMakeTmp'
Building C object CMakeFiles/cmTC_1996f.dir/CheckIncludeFile.c.o
/usr/bin/cc    -Wall -Winline -W -Wformat-security -Wpointer-arith -Wdisabled-optimization -Wno-unknown-pragmas -Wdeclaration-after-statement -fstrict-aliasing    -o CMakeFiles/cmTC_1996f.dir/CheckIncludeFile.c.o   -c /home/predator/Documents/Project/temp/libtiff/CMakeFiles/CMakeTmp/CheckIncludeFile.c
/home/predator/Documents/Project/temp/libtiff/CMakeFiles/CMakeTmp/CheckIncludeFile.c:1:21: fatal error: GL/glut.h: No such file or directory
compilation terminated.
CMakeFiles/cmTC_1996f.dir/build.make:65: recipe for target 'CMakeFiles/cmTC_1996f.dir/CheckIncludeFile.c.o' failed
make[1]: *** [CMakeFiles/cmTC_1996f.dir/CheckIncludeFile.c.o] Error 1
make[1]: Leaving directory '/home/predator/Documents/Project/temp/libtiff/CMakeFiles/CMakeTmp'
Makefile:126: recipe for target 'cmTC_1996f/fast' failed
make: *** [cmTC_1996f/fast] Error 2


Determining if the include file GLUT/glut.h exists failed with the following output:
Change Dir: /home/predator/Documents/Project/temp/libtiff/CMakeFiles/CMakeTmp

Run Build Command:"/usr/bin/make" "cmTC_76b28/fast"
/usr/bin/make -f CMakeFiles/cmTC_76b28.dir/build.make CMakeFiles/cmTC_76b28.dir/build
make[1]: Entering directory '/home/predator/Documents/Project/temp/libtiff/CMakeFiles/CMakeTmp'
Building C object CMakeFiles/cmTC_76b28.dir/CheckIncludeFile.c.o
/usr/bin/cc    -Wall -Winline -W -Wformat-security -Wpointer-arith -Wdisabled-optimization -Wno-unknown-pragmas -Wdeclaration-after-statement -fstrict-aliasing    -o CMakeFiles/cmTC_76b28.dir/CheckIncludeFile.c.o   -c /home/predator/Documents/Project/temp/libtiff/CMakeFiles/CMakeTmp/CheckIncludeFile.c
/home/predator/Documents/Project/temp/libtiff/CMakeFiles/CMakeTmp/CheckIncludeFile.c:1:23: fatal error: GLUT/glut.h: No such file or directory
compilation terminated.
CMakeFiles/cmTC_76b28.dir/build.make:65: recipe for target 'CMakeFiles/cmTC_76b28.dir/CheckIncludeFile.c.o' failed
make[1]: *** [CMakeFiles/cmTC_76b28.dir/CheckIncludeFile.c.o] Error 1
make[1]: Leaving directory '/home/predator/Documents/Project/temp/libtiff/CMakeFiles/CMakeTmp'
Makefile:126: recipe for target 'cmTC_76b28/fast' failed
make: *** [cmTC_76b28/fast] Error 2


Determining if the include file OpenGL/gl.h exists failed with the following output:
Change Dir: /home/predator/Documents/Project/temp/libtiff/CMakeFiles/CMakeTmp

Run Build Command:"/usr/bin/make" "cmTC_a14f4/fast"
/usr/bin/make -f CMakeFiles/cmTC_a14f4.dir/build.make CMakeFiles/cmTC_a14f4.dir/build
make[1]: Entering directory '/home/predator/Documents/Project/temp/libtiff/CMakeFiles/CMakeTmp'
Building C object CMakeFiles/cmTC_a14f4.dir/CheckIncludeFile.c.o
/usr/bin/cc    -Wall -Winline -W -Wformat-security -Wpointer-arith -Wdisabled-optimization -Wno-unknown-pragmas -Wdeclaration-after-statement -fstrict-aliasing    -o CMakeFiles/cmTC_a14f4.dir/CheckIncludeFile.c.o   -c /home/predator/Documents/Project/temp/libtiff/CMakeFiles/CMakeTmp/CheckIncludeFile.c
/home/predator/Documents/Project/temp/libtiff/CMakeFiles/CMakeTmp/CheckIncludeFile.c:1:23: fatal error: OpenGL/gl.h: No such file or directory
compilation terminated.
CMakeFiles/cmTC_a14f4.dir/build.make:65: recipe for target 'CMakeFiles/cmTC_a14f4.dir/CheckIncludeFile.c.o' failed
make[1]: *** [CMakeFiles/cmTC_a14f4.dir/CheckIncludeFile.c.o] Error 1
make[1]: Leaving directory '/home/predator/Documents/Project/temp/libtiff/CMakeFiles/CMakeTmp'
Makefile:126: recipe for target 'cmTC_a14f4/fast' failed
make: *** [cmTC_a14f4/fast] Error 2


Determining if the include file OpenGL/glu.h exists failed with the following output:
Change Dir: /home/predator/Documents/Project/temp/libtiff/CMakeFiles/CMakeTmp

Run Build Command:"/usr/bin/make" "cmTC_06160/fast"
/usr/bin/make -f CMakeFiles/cmTC_06160.dir/build.make CMakeFiles/cmTC_06160.dir/build
make[1]: Entering directory '/home/predator/Documents/Project/temp/libtiff/CMakeFiles/CMakeTmp'
Building C object CMakeFiles/cmTC_06160.dir/CheckIncludeFile.c.o
/usr/bin/cc    -Wall -Winline -W -Wformat-security -Wpointer-arith -Wdisabled-optimization -Wno-unknown-pragmas -Wdeclaration-after-statement -fstrict-aliasing    -o CMakeFiles/cmTC_06160.dir/CheckIncludeFile.c.o   -c /home/predator/Documents/Project/temp/libtiff/CMakeFiles/CMakeTmp/CheckIncludeFile.c
/home/predator/Documents/Project/temp/libtiff/CMakeFiles/CMakeTmp/CheckIncludeFile.c:1:24: fatal error: OpenGL/glu.h: No such file or directory
compilation terminated.
CMakeFiles/cmTC_06160.dir/build.make:65: recipe for target 'CMakeFiles/cmTC_06160.dir/CheckIncludeFile.c.o' failed
make[1]: *** [CMakeFiles/cmTC_06160.dir/CheckIncludeFile.c.o] Error 1
make[1]: Leaving directory '/home/predator/Documents/Project/temp/libtiff/CMakeFiles/CMakeTmp'
Makefile:126: recipe for target 'cmTC_06160/fast' failed
make: *** [cmTC_06160/fast] Error 2


